app/build/intermediates/manifest_merge_blame_file/debug/manifest-merger-blame-debug-report.txt
1<?xml version="1.0" encoding="utf-8"?>
2<manifest xmlns:android="http://schemas.android.com/apk/res/android"
3    package="com.newfunquiz.trivia"
4    android:versionCode="1"
5    android:versionName="1.0" >
6
7    <uses-sdk
8        android:minSdkVersion="21"
8-->src\main\AndroidManifest.xml
9        android:targetSdkVersion="30" />
9-->src\main\AndroidManifest.xml
10
11    <application
11-->src\main\AndroidManifest.xml:5:5-31:19
12        android:allowBackup="true"
12-->src\main\AndroidManifest.xml:6:9-35
13        android:appComponentFactory="androidx.core.app.CoreComponentFactory"
13-->[androidx.core:core:1.3.1] AndroidManifest.xml:24:18-86
14        android:debuggable="true"
15        android:icon="@mipmap/ic_launcher"
15-->src\main\AndroidManifest.xml:7:9-43
16        android:label="@string/app_name"
16-->src\main\AndroidManifest.xml:8:9-41
17        android:roundIcon="@mipmap/ic_launcher"
17-->src\main\AndroidManifest.xml:9:9-48
18        android:supportsRtl="true"
18-->src\main\AndroidManifest.xml:10:9-35
19        android:testOnly="true"
20        android:theme="@style/Theme.QuizForFun" >
20-->src\main\AndroidManifest.xml:11:9-48
21        <activity android:name="newquizeapp.splashactivity" >
21-->src\main\AndroidManifest.xml:12:9-18:20
21-->src\main\AndroidManifest.xml:12:19-60
22            <intent-filter>
22-->src\main\AndroidManifest.xml:13:13-17:29
23                <action android:name="android.intent.action.MAIN" />
23-->src\main\AndroidManifest.xml:14:17-69
23-->src\main\AndroidManifest.xml:14:25-66
24
25                <category android:name="android.intent.category.LAUNCHER" />
25-->src\main\AndroidManifest.xml:16:17-77
25-->src\main\AndroidManifest.xml:16:27-74
26            </intent-filter>
27        </activity>
28        <activity android:name="newquizeapp.quizactivity" />
28-->src\main\AndroidManifest.xml:19:9-61
28-->src\main\AndroidManifest.xml:19:19-58
29        <activity android:name="newquizeapp.FinalResultActivity" />
29-->src\main\AndroidManifest.xml:20:9-68
29-->src\main\AndroidManifest.xml:20:19-65
30        <activity android:name="newquizeapp.HistoryActivity" />
30-->src\main\AndroidManifest.xml:22:9-64
30-->src\main\AndroidManifest.xml:22:19-61
31        <activity android:name="newquizeapp.RegisterActivity" />
31-->src\main\AndroidManifest.xml:24:9-65
31-->src\main\AndroidManifest.xml:24:19-62
32        <activity
32-->src\main\AndroidManifest.xml:25:9-29:20
33            android:name="newquizeapp.LoginActivity"
33-->src\main\AndroidManifest.xml:26:13-53
34            android:theme="@style/splashScreenTheme" >
34-->src\main\AndroidManifest.xml:27:13-53
35        </activity>
36        <activity android:name="newquizeapp.MainActivity" />
36-->src\main\AndroidManifest.xml:30:9-61
36-->src\main\AndroidManifest.xml:30:19-58
37
38        <service
38-->[androidx.room:room-runtime:2.2.5] AndroidManifest.xml:25:9-28:40
39            android:name="androidx.room.MultiInstanceInvalidationService"
39-->[androidx.room:room-runtime:2.2.5] AndroidManifest.xml:26:13-74
40            android:directBootAware="true"
40-->[androidx.room:room-runtime:2.2.5] AndroidManifest.xml:27:13-43
41            android:exported="false" />
41-->[androidx.room:room-runtime:2.2.5] AndroidManifest.xml:28:13-37
42    </application>
43
44</manifest>